<?xml version="1.0" encoding="UTF-8"?>
<testng-results ignored="0" total="1" passed="1" failed="0" skipped="0">
  <reporter-output>
  </reporter-output>
  <suite started-at="2025-09-01T15:06:18 IST" name="Command line suite" finished-at="2025-09-01T15:07:02 IST" duration-ms="43988">
    <groups>
      <group name="cucumber">
        <method signature="AbstractTestNGCucumberTests.runScenario(io.cucumber.testng.PickleWrapper,io.cucumber.testng.FeatureWrapper)[pri:0, instance:com.big.TestRunners.CucumberRunner@5d018107]" name="runScenario" class="io.cucumber.testng.AbstractTestNGCucumberTests"/>
      </group> <!-- cucumber -->
    </groups>
    <test started-at="2025-09-01T15:06:18 IST" name="Command line test" finished-at="2025-09-01T15:07:02 IST" duration-ms="43988">
      <class name="com.big.TestRunners.CucumberRunner">
        <test-method is-config="true" signature="setUpClass(org.testng.ITestContext)[pri:0, instance:com.big.TestRunners.CucumberRunner@5d018107]" started-at="2025-09-01T15:06:18 IST" name="setUpClass" finished-at="2025-09-01T15:06:19 IST" duration-ms="585" status="PASS">
          <params>
            <param index="0">
              <value>
                <![CDATA[org.testng.TestRunner@26b3fe8]]>
              </value>
            </param>
          </params>
          <reporter-output>
          </reporter-output>
        </test-method> <!-- setUpClass -->
        <test-method signature="runScenario(io.cucumber.testng.PickleWrapper,io.cucumber.testng.FeatureWrapper)[pri:0, instance:com.big.TestRunners.CucumberRunner@5d018107]" started-at="2025-09-01T15:06:19 IST" name="runScenario" description="Runs Cucumber Scenarios" data-provider="scenarios" finished-at="2025-09-01T15:07:02 IST" duration-ms="43217" status="PASS">
          <params>
            <param index="0">
              <value>
                <![CDATA["Reassign Underwriter and UW Team"]]>
              </value>
            </param>
            <param index="1">
              <value>
                <![CDATA["Assign Underwriter and Underwriter Team"]]>
              </value>
            </param>
          </params>
          <reporter-output>
          </reporter-output>
        </test-method> <!-- runScenario -->
        <test-method is-config="true" signature="tearDownClass()[pri:0, instance:com.big.TestRunners.CucumberRunner@5d018107]" started-at="2025-09-01T15:07:02 IST" name="tearDownClass" finished-at="2025-09-01T15:07:02 IST" duration-ms="122" status="PASS">
          <reporter-output>
          </reporter-output>
        </test-method> <!-- tearDownClass -->
      </class> <!-- com.big.TestRunners.CucumberRunner -->
    </test> <!-- Command line test -->
  </suite> <!-- Command line suite -->
</testng-results>
