<?xml version="1.0" encoding="UTF-8"?>
<!-- Generated by org.testng.reporters.JUnitXMLReporter -->
<testsuite ignored="2" hostname="RakeshReddy" failures="3" tests="6" name="Google Search" time="9.412" errors="0" timestamp="2023-08-23T10:39:41 IST">
  <testcase classname="com.big.testNGscripts.TestNGInitiation" name="@AfterMethod closedBrowser" time="0.001">
    <failure type="java.lang.IllegalArgumentException" message="ScreenCapture&amp;apos;s base64 string must not be null or empty">
      <![CDATA[java.lang.IllegalArgumentException: ScreenCapture's base64 string must not be null or empty
at com.aventstack.extentreports.util.Assert.notEmpty(Assert.java:12)
at com.aventstack.extentreports.ExtentTest.addScreenCaptureFromBase64String(ExtentTest.java:1086)
at com.big.testNGscripts.TestNGInitiation.closedBrowser(TestNGInitiation.java:31)
at java.base/java.util.concurrent.ThreadPoolExecutor.runWorker(ThreadPoolExecutor.java:1136)
at java.base/java.util.concurrent.ThreadPoolExecutor$Worker.run(ThreadPoolExecutor.java:635)
at java.base/java.lang.Thread.run(Thread.java:833)
... Removed 17 stack frames]]>
    </failure>
  </testcase> <!-- @AfterMethod closedBrowser -->
  <testcase classname="com.big.testNGscripts.TestNGInitiation" name="@AfterMethod closedBrowser" time="0.002">
    <failure type="java.lang.IllegalArgumentException" message="ScreenCapture&amp;apos;s base64 string must not be null or empty">
      <![CDATA[java.lang.IllegalArgumentException: ScreenCapture's base64 string must not be null or empty
at com.aventstack.extentreports.util.Assert.notEmpty(Assert.java:12)
at com.aventstack.extentreports.ExtentTest.addScreenCaptureFromBase64String(ExtentTest.java:1086)
at com.big.testNGscripts.TestNGInitiation.closedBrowser(TestNGInitiation.java:31)
at java.base/java.util.concurrent.ThreadPoolExecutor.runWorker(ThreadPoolExecutor.java:1136)
at java.base/java.util.concurrent.ThreadPoolExecutor$Worker.run(ThreadPoolExecutor.java:635)
at java.base/java.lang.Thread.run(Thread.java:833)
... Removed 17 stack frames]]>
    </failure>
  </testcase> <!-- @AfterMethod closedBrowser -->
  <testcase classname="com.big.testNGscripts.TestNGInitiation" name="@AfterMethod closedBrowser" time="0.001">
    <failure type="java.lang.IllegalArgumentException" message="ScreenCapture&amp;apos;s base64 string must not be null or empty">
      <![CDATA[java.lang.IllegalArgumentException: ScreenCapture's base64 string must not be null or empty
at com.aventstack.extentreports.util.Assert.notEmpty(Assert.java:12)
at com.aventstack.extentreports.ExtentTest.addScreenCaptureFromBase64String(ExtentTest.java:1086)
at com.big.testNGscripts.TestNGInitiation.closedBrowser(TestNGInitiation.java:31)
at java.base/java.util.concurrent.ThreadPoolExecutor.runWorker(ThreadPoolExecutor.java:1136)
at java.base/java.util.concurrent.ThreadPoolExecutor$Worker.run(ThreadPoolExecutor.java:635)
at java.base/java.lang.Thread.run(Thread.java:833)
... Removed 17 stack frames]]>
    </failure>
  </testcase> <!-- @AfterMethod closedBrowser -->
  <testcase classname="com.big.testNGscripts.GoogleSearchTest" name="searchForAPITest" time="0.055">
    <skipped/>
  </testcase> <!-- searchForAPITest -->
  <testcase classname="com.big.testNGscripts.GoogleSearchDataProvider" name="searchText" time="0.046">
    <skipped/>
  </testcase> <!-- searchText -->
  <testcase classname="com.big.testNGscripts.GoogleSearchDataProvider" name="searchText" time="0.002">
    <failure type="java.lang.NullPointerException" message="Cannot invoke &amp;quot;org.openqa.selenium.SearchContext.findElement(org.openqa.selenium.By)&amp;quot; because &amp;quot;this.searchContext&amp;quot; is null">
      <![CDATA[java.lang.NullPointerException: Cannot invoke "org.openqa.selenium.SearchContext.findElement(org.openqa.selenium.By)" because "this.searchContext" is null
at org.openqa.selenium.support.pagefactory.DefaultElementLocator.findElement(DefaultElementLocator.java:70)
at org.openqa.selenium.support.pagefactory.internal.LocatingElementHandler.invoke(LocatingElementHandler.java:39)
at jdk.proxy2/jdk.proxy2.$Proxy20.isDisplayed(Unknown Source)
at com.big.utils.TestReusables.verifyElement(TestReusables.java:139)
at com.big.pageObjects.GooglePO.verifyElement(GooglePO.java:38)
at com.big.testNGscripts.GoogleSearchDataProvider.searchText(GoogleSearchDataProvider.java:21)
at java.base/java.util.concurrent.ThreadPoolExecutor.runWorker(ThreadPoolExecutor.java:1136)
at java.base/java.util.concurrent.ThreadPoolExecutor$Worker.run(ThreadPoolExecutor.java:635)
at java.base/java.lang.Thread.run(Thread.java:833)
... Removed 12 stack frames]]>
    </failure>
  </testcase> <!-- searchText -->
  <testcase classname="com.big.testNGscripts.GoogleSearchTest" name="searchForAPITest" time="0.002">
    <failure type="java.lang.NullPointerException" message="Cannot invoke &amp;quot;org.openqa.selenium.SearchContext.findElement(org.openqa.selenium.By)&amp;quot; because &amp;quot;this.searchContext&amp;quot; is null">
      <![CDATA[java.lang.NullPointerException: Cannot invoke "org.openqa.selenium.SearchContext.findElement(org.openqa.selenium.By)" because "this.searchContext" is null
at org.openqa.selenium.support.pagefactory.DefaultElementLocator.findElement(DefaultElementLocator.java:70)
at org.openqa.selenium.support.pagefactory.internal.LocatingElementHandler.invoke(LocatingElementHandler.java:39)
at jdk.proxy2/jdk.proxy2.$Proxy20.isDisplayed(Unknown Source)
at com.big.utils.TestReusables.verifyElement(TestReusables.java:139)
at com.big.pageObjects.GooglePO.verifyElement(GooglePO.java:38)
at com.big.testNGscripts.GoogleSearchTest.searchForAPITest(GoogleSearchTest.java:20)
at java.base/java.util.concurrent.ThreadPoolExecutor.runWorker(ThreadPoolExecutor.java:1136)
at java.base/java.util.concurrent.ThreadPoolExecutor$Worker.run(ThreadPoolExecutor.java:635)
at java.base/java.lang.Thread.run(Thread.java:833)
... Removed 12 stack frames]]>
    </failure>
  </testcase> <!-- searchForAPITest -->
  <testcase classname="com.big.testNGscripts.GoogleSearchDataProvider" name="searchText" time="0.002">
    <skipped/>
  </testcase> <!-- searchText -->
  <testcase classname="com.big.testNGscripts.GoogleSearchDataProvider" name="searchText" time="0.002">
    <failure type="java.lang.NullPointerException" message="Cannot invoke &amp;quot;org.openqa.selenium.SearchContext.findElement(org.openqa.selenium.By)&amp;quot; because &amp;quot;this.searchContext&amp;quot; is null">
      <![CDATA[java.lang.NullPointerException: Cannot invoke "org.openqa.selenium.SearchContext.findElement(org.openqa.selenium.By)" because "this.searchContext" is null
at org.openqa.selenium.support.pagefactory.DefaultElementLocator.findElement(DefaultElementLocator.java:70)
at org.openqa.selenium.support.pagefactory.internal.LocatingElementHandler.invoke(LocatingElementHandler.java:39)
at jdk.proxy2/jdk.proxy2.$Proxy20.isDisplayed(Unknown Source)
at com.big.utils.TestReusables.verifyElement(TestReusables.java:139)
at com.big.pageObjects.GooglePO.verifyElement(GooglePO.java:38)
at com.big.testNGscripts.GoogleSearchDataProvider.searchText(GoogleSearchDataProvider.java:21)
at java.base/java.util.concurrent.ThreadPoolExecutor.runWorker(ThreadPoolExecutor.java:1136)
at java.base/java.util.concurrent.ThreadPoolExecutor$Worker.run(ThreadPoolExecutor.java:635)
at java.base/java.lang.Thread.run(Thread.java:833)
... Removed 12 stack frames]]>
    </failure>
  </testcase> <!-- searchText -->
  <testcase classname="com.big.testNGscripts.GoogleSearchTest" name="searchForTestingTrends" time="0.0">
    <ignored/>
  </testcase> <!-- searchForTestingTrends -->
  <testcase classname="com.big.testNGscripts.TestNGInitiation" name="@BeforeSuite testInfo" time="0.0">
    <ignored/>
  </testcase> <!-- @BeforeSuite testInfo -->
</testsuite> <!-- Google Search -->
