<?xml version="1.0" encoding="UTF-8"?>
<!-- Generated by org.testng.reporters.JUnitXMLReporter -->
<testsuite ignored="1" hostname="LAPTOP-05C5R0OF" failures="4" tests="16" name="Google Search Test" time="69.614" errors="0" timestamp="2022-10-31T15:03:09 IST">
  <testcase classname="com.big.testNGscripts.GoogleSearchTest" name="searchForAPITest" time="1.852">
    <skipped/>
  </testcase> <!-- searchForAPITest -->
  <testcase classname="com.big.testNGscripts.GoogleSearchTest" name="searchForAPITest" time="1.694">
    <skipped/>
  </testcase> <!-- searchForAPITest -->
  <testcase classname="com.big.testNGscripts.GoogleSearchTest" name="searchForAPITest" time="2.041">
    <skipped/>
  </testcase> <!-- searchForAPITest -->
  <testcase classname="com.big.testNGscripts.GoogleSearchTest" name="searchForAPITest" time="2.242">
    <failure type="org.junit.ComparisonFailure" message="expected:&amp;lt;API Automation[test]&amp;gt; but was:&amp;lt;API Automation[]&amp;gt;">
      <![CDATA[org.junit.ComparisonFailure: expected:<API Automation[test]> but was:<API Automation[]>
at org.junit.Assert.assertEquals(Assert.java:117)
at org.junit.Assert.assertEquals(Assert.java:146)
at com.big.pageObjects.GooglePO.getsearchtext(GooglePO.java:52)
at com.big.testNGscripts.GoogleSearchTest.searchForAPITest(GoogleSearchTest.java:22)
at java.base/java.util.ArrayList.forEach(ArrayList.java:1511)
... Removed 25 stack frames]]>
    </failure>
  </testcase> <!-- searchForAPITest -->
  <testcase classname="com.big.testNGscripts.GoogleSearchTest" name="searchForTestingTrends" time="1.963">
    <skipped/>
  </testcase> <!-- searchForTestingTrends -->
  <testcase classname="com.big.testNGscripts.GoogleSearchTest" name="searchForTestingTrends" time="1.971">
    <skipped/>
  </testcase> <!-- searchForTestingTrends -->
  <testcase classname="com.big.testNGscripts.GoogleSearchTest" name="searchForTestingTrends" time="1.733">
    <skipped/>
  </testcase> <!-- searchForTestingTrends -->
  <testcase classname="com.big.testNGscripts.GoogleSearchTest" name="searchForTestingTrends" time="1.721">
    <failure type="org.junit.ComparisonFailure" message="expected:&amp;lt;Testing Trends[test]&amp;gt; but was:&amp;lt;Testing Trends[]&amp;gt;">
      <![CDATA[org.junit.ComparisonFailure: expected:<Testing Trends[test]> but was:<Testing Trends[]>
at org.junit.Assert.assertEquals(Assert.java:117)
at org.junit.Assert.assertEquals(Assert.java:146)
at com.big.pageObjects.GooglePO.getsearchtext(GooglePO.java:52)
at com.big.testNGscripts.GoogleSearchTest.searchForTestingTrends(GoogleSearchTest.java:14)
at java.base/java.util.ArrayList.forEach(ArrayList.java:1511)
... Removed 25 stack frames]]>
    </failure>
  </testcase> <!-- searchForTestingTrends -->
  <testcase classname="com.big.testNGscripts.GoogleSearchDataProvider" name="searchText" time="2.232">
    <skipped/>
  </testcase> <!-- searchText -->
  <testcase classname="com.big.testNGscripts.GoogleSearchDataProvider" name="searchText" time="1.726">
    <skipped/>
  </testcase> <!-- searchText -->
  <testcase classname="com.big.testNGscripts.GoogleSearchDataProvider" name="searchText" time="2.005">
    <skipped/>
  </testcase> <!-- searchText -->
  <testcase classname="com.big.testNGscripts.GoogleSearchDataProvider" name="searchText" time="1.76">
    <failure type="org.junit.ComparisonFailure" message="expected:&amp;lt;Automation[test]&amp;gt; but was:&amp;lt;Automation[]&amp;gt;">
      <![CDATA[org.junit.ComparisonFailure: expected:<Automation[test]> but was:<Automation[]>
at org.junit.Assert.assertEquals(Assert.java:117)
at org.junit.Assert.assertEquals(Assert.java:146)
at com.big.pageObjects.GooglePO.getsearchtext(GooglePO.java:52)
at com.big.testNGscripts.GoogleSearchDataProvider.searchText(GoogleSearchDataProvider.java:23)
at java.base/java.util.ArrayList.forEach(ArrayList.java:1511)
... Removed 25 stack frames]]>
    </failure>
  </testcase> <!-- searchText -->
  <testcase classname="com.big.testNGscripts.GoogleSearchDataProvider" name="searchText" time="1.991">
    <skipped/>
  </testcase> <!-- searchText -->
  <testcase classname="com.big.testNGscripts.GoogleSearchDataProvider" name="searchText" time="2.469">
    <skipped/>
  </testcase> <!-- searchText -->
  <testcase classname="com.big.testNGscripts.GoogleSearchDataProvider" name="searchText" time="2.523">
    <skipped/>
  </testcase> <!-- searchText -->
  <testcase classname="com.big.testNGscripts.GoogleSearchDataProvider" name="searchText" time="3.245">
    <failure type="org.junit.ComparisonFailure" message="expected:&amp;lt;Cucumber[test]&amp;gt; but was:&amp;lt;Cucumber[]&amp;gt;">
      <![CDATA[org.junit.ComparisonFailure: expected:<Cucumber[test]> but was:<Cucumber[]>
at org.junit.Assert.assertEquals(Assert.java:117)
at org.junit.Assert.assertEquals(Assert.java:146)
at com.big.pageObjects.GooglePO.getsearchtext(GooglePO.java:52)
at com.big.testNGscripts.GoogleSearchDataProvider.searchText(GoogleSearchDataProvider.java:23)
at java.base/java.util.ArrayList.forEach(ArrayList.java:1511)
... Removed 25 stack frames]]>
    </failure>
  </testcase> <!-- searchText -->
  <testcase classname="com.big.testNGscripts.TestNGInitiation" name="@BeforeSuite teardown" time="0.0">
    <ignored/>
  </testcase> <!-- @BeforeSuite teardown -->
</testsuite> <!-- Google Search Test -->
