<?xml version="1.0" encoding="UTF-8"?>
<!-- Generated by org.testng.reporters.JUnitXMLReporter -->
<testsuite ignored="2" hostname="LAPTOP-05C5R0OF" failures="3" tests="6" name="SearchFunctioanlityTest" time="41.58" errors="0" timestamp="2022-11-02T16:03:34 IST">
  <testcase classname="com.big.testNGscripts.GoogleSearchTest" name="searchForAPITest" time="3.289">
    <skipped/>
  </testcase> <!-- searchForAPITest -->
  <testcase classname="com.big.testNGscripts.GoogleSearchTest" name="searchForAPITest" time="2.84">
    <failure type="org.junit.ComparisonFailure" message="expected:&amp;lt;API Automation[test]&amp;gt; but was:&amp;lt;API Automation[]&amp;gt;">
      <![CDATA[org.junit.ComparisonFailure: expected:<API Automation[test]> but was:<API Automation[]>
at org.junit.Assert.assertEquals(Assert.java:117)
at org.junit.Assert.assertEquals(Assert.java:146)
at com.big.pageObjects.GooglePO.getsearchtext(GooglePO.java:52)
at com.big.testNGscripts.GoogleSearchTest.searchForAPITest(GoogleSearchTest.java:22)
at java.base/java.util.ArrayList.forEach(ArrayList.java:1511)
at com.big.TestRunners.TestRunner.main(TestRunner.java:28)
... Removed 22 stack frames]]>
    </failure>
  </testcase> <!-- searchForAPITest -->
  <testcase classname="com.big.testNGscripts.GoogleSearchDataProvider" name="searchText" time="3.36">
    <skipped/>
  </testcase> <!-- searchText -->
  <testcase classname="com.big.testNGscripts.GoogleSearchDataProvider" name="searchText" time="2.632">
    <failure type="org.junit.ComparisonFailure" message="expected:&amp;lt;Automation[test]&amp;gt; but was:&amp;lt;Automation[]&amp;gt;">
      <![CDATA[org.junit.ComparisonFailure: expected:<Automation[test]> but was:<Automation[]>
at org.junit.Assert.assertEquals(Assert.java:117)
at org.junit.Assert.assertEquals(Assert.java:146)
at com.big.pageObjects.GooglePO.getsearchtext(GooglePO.java:52)
at com.big.testNGscripts.GoogleSearchDataProvider.searchText(GoogleSearchDataProvider.java:23)
at java.base/java.util.ArrayList.forEach(ArrayList.java:1511)
at com.big.TestRunners.TestRunner.main(TestRunner.java:28)
... Removed 22 stack frames]]>
    </failure>
  </testcase> <!-- searchText -->
  <testcase classname="com.big.testNGscripts.GoogleSearchDataProvider" name="searchText" time="3.077">
    <skipped/>
  </testcase> <!-- searchText -->
  <testcase classname="com.big.testNGscripts.GoogleSearchDataProvider" name="searchText" time="3.963">
    <failure type="org.junit.ComparisonFailure" message="expected:&amp;lt;Cucumber[test]&amp;gt; but was:&amp;lt;Cucumber[]&amp;gt;">
      <![CDATA[org.junit.ComparisonFailure: expected:<Cucumber[test]> but was:<Cucumber[]>
at org.junit.Assert.assertEquals(Assert.java:117)
at org.junit.Assert.assertEquals(Assert.java:146)
at com.big.pageObjects.GooglePO.getsearchtext(GooglePO.java:52)
at com.big.testNGscripts.GoogleSearchDataProvider.searchText(GoogleSearchDataProvider.java:23)
at java.base/java.util.ArrayList.forEach(ArrayList.java:1511)
at com.big.TestRunners.TestRunner.main(TestRunner.java:28)
... Removed 22 stack frames]]>
    </failure>
  </testcase> <!-- searchText -->
  <testcase classname="com.big.testNGscripts.TestNGInitiation" name="@BeforeSuite teardown" time="0.0">
    <ignored/>
  </testcase> <!-- @BeforeSuite teardown -->
  <testcase classname="com.big.testNGscripts.GoogleSearchTest" name="searchForTestingTrends" time="0.0">
    <ignored/>
  </testcase> <!-- searchForTestingTrends -->
</testsuite> <!-- SearchFunctioanlityTest -->
